{"level":"error","message":"Error occurred","method":"POST","path":"/signup","responseTime":"639ms","status":400,"timestamp":"2025-01-08 22:08:56"}
{"error":{"detail":"{\"status\":\"failed\",\"message\":\"Email already registered\",\"data\":null}"},"level":"error","message":"Error occurred","method":"POST","path":"/signup","responseTime":"707ms","status":400,"timestamp":"2025-01-08 22:10:49"}
{"level":"error","message":"Email already registered","method":"POST","path":"/signup","responseTime":"787ms","status":400,"timestamp":"2025-01-08 22:13:51"}
{"level":"error","message":"Email already registered","method":"POST","path":"/signup","responseTime":"493ms","status":400,"timestamp":"2025-01-08 22:15:49"}
{"level":"error","message":"getaddrinfo ENOTFOUND agronect-skripsi-do-user-18725076-0.l.db.ondigitalocean.com","method":"POST","path":"/signup","responseTime":"292ms","status":500,"timestamp":"2025-01-14 10:19:38"}
{"level":"error","message":"getaddrinfo ENOTFOUND agronect-skripsi-do-user-18725076-0.l.db.ondigitalocean.com","method":"POST","path":"/signup","responseTime":"16ms","status":500,"timestamp":"2025-01-14 10:19:38"}
{"level":"error","message":"Internal server error","method":"POST","path":"/signin","responseTime":"24ms","status":500,"timestamp":"2025-01-14 10:19:38"}
{"level":"error","message":"Internal server error","method":"POST","path":"/signin","responseTime":"18ms","status":500,"timestamp":"2025-01-14 10:19:38"}
{"level":"error","message":"Internal server error","method":"POST","path":"/signin","responseTime":"19ms","status":500,"timestamp":"2025-01-14 10:19:38"}
{"level":"error","message":"getaddrinfo ENOTFOUND agronect-skripsi-do-user-18725076-0.l.db.ondigitalocean.com","method":"POST","path":"/signup","responseTime":"148ms","status":500,"timestamp":"2025-01-14 10:19:48"}
{"level":"error","message":"getaddrinfo ENOTFOUND agronect-skripsi-do-user-18725076-0.l.db.ondigitalocean.com","method":"POST","path":"/signup","responseTime":"22ms","status":500,"timestamp":"2025-01-14 10:19:48"}
{"level":"error","message":"Internal server error","method":"POST","path":"/signin","responseTime":"136ms","status":500,"timestamp":"2025-01-14 10:19:48"}
{"level":"error","message":"Internal server error","method":"POST","path":"/signin","responseTime":"21ms","status":500,"timestamp":"2025-01-14 10:19:48"}
{"level":"error","message":"Internal server error","method":"POST","path":"/signin","responseTime":"30ms","status":500,"timestamp":"2025-01-14 10:19:48"}
{"level":"error","message":"Email already registered","method":"POST","path":"/signup","responseTime":"36ms","status":400,"timestamp":"2025-01-14 10:21:44"}
{"level":"error","message":"Email not registered","method":"POST","path":"/signin","responseTime":"130ms","status":400,"timestamp":"2025-01-14 10:21:44"}
{"level":"error","message":"Password not match","method":"POST","path":"/signin","responseTime":"146ms","status":401,"timestamp":"2025-01-14 10:21:44"}
{"level":"error","message":"Email already registered","method":"POST","path":"/signup","responseTime":"137ms","status":400,"timestamp":"2025-01-14 10:21:59"}
{"level":"error","message":"Email not registered","method":"POST","path":"/signin","responseTime":"37ms","status":400,"timestamp":"2025-01-14 10:21:59"}
{"level":"error","message":"Password not match","method":"POST","path":"/signin","responseTime":"147ms","status":401,"timestamp":"2025-01-14 10:21:59"}
{"level":"error","message":"Email already registered","method":"POST","path":"/signup","responseTime":"27ms","status":400,"timestamp":"2025-01-14 10:58:39"}
{"level":"error","message":"Email not registered","method":"POST","path":"/signin","responseTime":"86ms","status":400,"timestamp":"2025-01-14 10:58:39"}
{"level":"error","message":"Password not match","method":"POST","path":"/signin","responseTime":"82ms","status":401,"timestamp":"2025-01-14 10:58:40"}
{"level":"error","message":"Email already registered","method":"POST","path":"/signup","responseTime":"30ms","status":400,"timestamp":"2025-01-14 17:19:21"}
{"level":"error","message":"Email not registered","method":"POST","path":"/signin","responseTime":"63ms","status":400,"timestamp":"2025-01-14 17:19:21"}
{"level":"error","message":"Password not match","method":"POST","path":"/signin","responseTime":"83ms","status":401,"timestamp":"2025-01-14 17:19:21"}
{"level":"error","message":"Email already registered","method":"POST","path":"/signup","responseTime":"127ms","status":400,"timestamp":"2025-01-14 17:19:34"}
{"level":"error","message":"Email not registered","method":"POST","path":"/signin","responseTime":"24ms","status":400,"timestamp":"2025-01-14 17:19:35"}
{"level":"error","message":"Password not match","method":"POST","path":"/signin","responseTime":"125ms","status":401,"timestamp":"2025-01-14 17:19:35"}
{"level":"error","message":"Email already registered","method":"POST","path":"/signup","responseTime":"48ms","status":400,"timestamp":"2025-01-14 17:20:06"}
{"level":"error","message":"Email not registered","method":"POST","path":"/signin","responseTime":"30ms","status":400,"timestamp":"2025-01-14 17:20:07"}
{"level":"error","message":"Password not match","method":"POST","path":"/signin","responseTime":"81ms","status":401,"timestamp":"2025-01-14 17:20:07"}
{"level":"error","message":"Email already registered","method":"POST","path":"/signup","responseTime":"87ms","status":400,"timestamp":"2025-01-14 17:20:12"}
{"level":"error","message":"Email not registered","method":"POST","path":"/signin","responseTime":"30ms","status":400,"timestamp":"2025-01-14 17:20:13"}
{"level":"error","message":"Password not match","method":"POST","path":"/signin","responseTime":"81ms","status":401,"timestamp":"2025-01-14 17:20:13"}
{"level":"error","message":"Email already registered","method":"POST","path":"/signup","responseTime":"32ms","status":400,"timestamp":"2025-01-14 17:20:16"}
{"level":"error","message":"Email not registered","method":"POST","path":"/signin","responseTime":"28ms","status":400,"timestamp":"2025-01-14 17:20:16"}
{"level":"error","message":"Password not match","method":"POST","path":"/signin","responseTime":"81ms","status":401,"timestamp":"2025-01-14 17:20:16"}
