{"level":"error","message":"getaddrinfo ENOTFOUND agronect-skripsi-do-user-18725076-0.l.db.ondigitalocean.com","method":"POST","path":"/signup","responseTime":"292ms","status":500,"timestamp":"2025-01-14 10:19:38"}
{"level":"error","message":"getaddrinfo ENOTFOUND agronect-skripsi-do-user-18725076-0.l.db.ondigitalocean.com","method":"POST","path":"/signup","responseTime":"16ms","status":500,"timestamp":"2025-01-14 10:19:38"}
{"level":"error","message":"Internal server error","method":"POST","path":"/signin","responseTime":"24ms","status":500,"timestamp":"2025-01-14 10:19:38"}
{"level":"error","message":"Internal server error","method":"POST","path":"/signin","responseTime":"18ms","status":500,"timestamp":"2025-01-14 10:19:38"}
{"level":"error","message":"Internal server error","method":"POST","path":"/signin","responseTime":"19ms","status":500,"timestamp":"2025-01-14 10:19:38"}
{"level":"error","message":"getaddrinfo ENOTFOUND agronect-skripsi-do-user-18725076-0.l.db.ondigitalocean.com","method":"POST","path":"/signup","responseTime":"148ms","status":500,"timestamp":"2025-01-14 10:19:48"}
{"level":"error","message":"getaddrinfo ENOTFOUND agronect-skripsi-do-user-18725076-0.l.db.ondigitalocean.com","method":"POST","path":"/signup","responseTime":"22ms","status":500,"timestamp":"2025-01-14 10:19:48"}
{"level":"error","message":"Internal server error","method":"POST","path":"/signin","responseTime":"136ms","status":500,"timestamp":"2025-01-14 10:19:48"}
{"level":"error","message":"Internal server error","method":"POST","path":"/signin","responseTime":"21ms","status":500,"timestamp":"2025-01-14 10:19:48"}
{"level":"error","message":"Internal server error","method":"POST","path":"/signin","responseTime":"30ms","status":500,"timestamp":"2025-01-14 10:19:48"}
{"level":"info","message":"User created successfully","method":"POST","path":"/signup","responseTime":"1240ms","status":201,"timestamp":"2025-01-14 10:21:44"}
{"level":"error","message":"Email already registered","method":"POST","path":"/signup","responseTime":"36ms","status":400,"timestamp":"2025-01-14 10:21:44"}
{"level":"info","message":"Login success","method":"POST","path":"/signin","responseTime":"85ms","status":200,"timestamp":"2025-01-14 10:21:44"}
{"level":"error","message":"Email not registered","method":"POST","path":"/signin","responseTime":"130ms","status":400,"timestamp":"2025-01-14 10:21:44"}
{"level":"error","message":"Password not match","method":"POST","path":"/signin","responseTime":"146ms","status":401,"timestamp":"2025-01-14 10:21:44"}
{"level":"info","message":"User created successfully","method":"POST","path":"/signup","responseTime":"1020ms","status":201,"timestamp":"2025-01-14 10:21:59"}
{"level":"error","message":"Email already registered","method":"POST","path":"/signup","responseTime":"137ms","status":400,"timestamp":"2025-01-14 10:21:59"}
{"level":"info","message":"Login success","method":"POST","path":"/signin","responseTime":"147ms","status":200,"timestamp":"2025-01-14 10:21:59"}
{"level":"error","message":"Email not registered","method":"POST","path":"/signin","responseTime":"37ms","status":400,"timestamp":"2025-01-14 10:21:59"}
{"level":"error","message":"Password not match","method":"POST","path":"/signin","responseTime":"147ms","status":401,"timestamp":"2025-01-14 10:21:59"}
{"level":"info","message":"User created successfully","method":"POST","path":"/signup","responseTime":"1153ms","status":201,"timestamp":"2025-01-14 10:58:39"}
{"level":"error","message":"Email already registered","method":"POST","path":"/signup","responseTime":"27ms","status":400,"timestamp":"2025-01-14 10:58:39"}
{"level":"info","message":"Login success","method":"POST","path":"/signin","responseTime":"160ms","status":200,"timestamp":"2025-01-14 10:58:39"}
{"level":"error","message":"Email not registered","method":"POST","path":"/signin","responseTime":"86ms","status":400,"timestamp":"2025-01-14 10:58:39"}
{"level":"error","message":"Password not match","method":"POST","path":"/signin","responseTime":"82ms","status":401,"timestamp":"2025-01-14 10:58:40"}
